Looking for git in: git
Using git 2.19.1 from git
> git rev-parse --show-toplevel
> git rev-parse --git-dir
> git config --get commit.template
Open repository: /home/user
> git status -z -u
> git check-ignore -v -z --stdin
> git check-ignore -v -z --stdin
> git check-ignore -v -z --stdin
> git check-ignore -v -z --stdin
> git show :Desktop/react_FrontEnd/reactfundoo/src/components/login.jsx
> git ls-files --stage -- Desktop/react_FrontEnd/reactfundoo/src/components/
> git show :Desktop/react_FrontEnd/reactfundoo/src/components/registration.jsx
> git ls-files --stage -- Desktop/react_FrontEnd/reactfundoo/src/components/
> git check-ignore -v -z --stdin
> git show :Desktop/react_FrontEnd/reactfundoo/src/pages/login.jsx
> git ls-files --stage -- Desktop/react_FrontEnd/reactfundoo/src/pages/
> git show :Desktop/react_FrontEnd/reactfundoo/src/pages/register.jsx
> git ls-files --stage -- Desktop/react_FrontEnd/reactfundoo/src/pages/
> git symbolic-ref --short HEAD
> git rev-parse master
> git rev-parse --symbolic-full-name master@{u}
> git rev-list --left-right master...refs/remotes/origin/master
> git for-each-ref --format %(refname) %(objectname) --sort -committerdate
> git remote --verbose
